<?xml version="1.0" encoding="utf-8" standalone="no"?>
<!--This file represents the results of running a test suite-->
<test-results name="D:\Personal\Documents\Visual Studio 2013\Projects\FunctionalFriday\Tests\bin\Release\Tests.dll" total="1" errors="0" failures="0" not-run="0" inconclusive="0" ignored="0" skipped="0" invalid="0" date="2015-01-22" time="19:54:31">
  <environment nunit-version="2.6.4.14350" clr-version="2.0.50727.8009" os-version="Microsoft Windows NT 6.2.9200.0" platform="Win32NT" cwd="D:\Personal\Documents\Visual Studio 2013\Projects\FunctionalFriday" machine-name="METIS" user="Novakov" user-domain="METIS" />
  <culture-info current-culture="pl-PL" current-uiculture="pl-PL" />
  <test-suite type="Assembly" name="D:\Personal\Documents\Visual Studio 2013\Projects\FunctionalFriday\Tests\bin\Release\Tests.dll" executed="True" result="Success" success="True" time="0.052" asserts="0">
    <results>
      <test-suite type="Namespace" name="Tests" executed="True" result="Success" success="True" time="0.035" asserts="0">
        <results>
          <test-suite type="TestFixture" name="SomeTests" executed="True" result="Success" success="True" time="0.032" asserts="0">
            <results>
              <test-case name="Tests.SomeTests.Test1" executed="True" result="Success" success="True" time="0.020" asserts="0" />
            </results>
          </test-suite>
        </results>
      </test-suite>
    </results>
  </test-suite>
</test-results>